This is pdfTeX, Version 3.1415926-2.4-1.40.13 (MiKTeX 2.9 64-bit) (preloaded format=pdflatex 2013.5.15)  1 JUL 2014 12:37
entering extended mode
**verslag.tex
(C:\Users\Dell\NSS\prac3\Verslag\verslag.tex
LaTeX2e <2011/06/27>
Babel <v3.8m> and hyphenation patterns for english, afrikaans, ancientgreek, ar
abic, armenian, assamese, basque, bengali, bokmal, bulgarian, catalan, coptic, 
croatian, czech, danish, dutch, esperanto, estonian, farsi, finnish, french, ga
lician, german, german-x-2012-05-30, greek, gujarati, hindi, hungarian, iceland
ic, indonesian, interlingua, irish, italian, kannada, kurmanji, latin, latvian,
 lithuanian, malayalam, marathi, mongolian, mongolianlmc, monogreek, ngerman, n
german-x-2012-05-30, nynorsk, oriya, panjabi, pinyin, polish, portuguese, roman
ian, russian, sanskrit, serbian, slovak, slovenian, spanish, swedish, swissgerm
an, tamil, telugu, turkish, turkmen, ukenglish, ukrainian, uppersorbian, usengl
ishmax, welsh, loaded.
("C:\Program Files\MiKTeX 2.9\tex\latex\base\article.cls"
Document Class: article 2007/10/19 v1.4h Standard LaTeX document class
("C:\Program Files\MiKTeX 2.9\tex\latex\base\size10.clo"
File: size10.clo 2007/10/19 v1.4h Standard LaTeX file (size option)
)
\c@part=\count79
\c@section=\count80
\c@subsection=\count81
\c@subsubsection=\count82
\c@paragraph=\count83
\c@subparagraph=\count84
\c@figure=\count85
\c@table=\count86
\abovecaptionskip=\skip41
\belowcaptionskip=\skip42
\bibindent=\dimen102
)
("C:\Program Files\MiKTeX 2.9\tex\generic\babel\babel.sty"
Package: babel 2008/07/08 v3.8m The Babel package

*************************************
* Local config file bblopts.cfg used
*
("C:\Program Files\MiKTeX 2.9\tex\latex\00miktex\bblopts.cfg"
File: bblopts.cfg 2006/07/31 v1.0 MiKTeX 'babel' configuration
)
("C:\Program Files\MiKTeX 2.9\tex\generic\babel\dutch.ldf"
Language: dutch 2005/03/30 v3.8i Dutch support from the babel system

("C:\Program Files\MiKTeX 2.9\tex\generic\babel\babel.def"
File: babel.def 2008/07/08 v3.8m Babel common definitions
\babel@savecnt=\count87
\U@D=\dimen103
)
Package babel Info: Making " an active character on input line 132.
))
("C:\Program Files\MiKTeX 2.9\tex\latex\graphics\epsfig.sty"
Package: epsfig 1999/02/16 v1.7a (e)psfig emulation (SPQR)

("C:\Program Files\MiKTeX 2.9\tex\latex\graphics\graphicx.sty"
Package: graphicx 1999/02/16 v1.0f Enhanced LaTeX Graphics (DPC,SPQR)

("C:\Program Files\MiKTeX 2.9\tex\latex\graphics\keyval.sty"
Package: keyval 1999/03/16 v1.13 key=value parser (DPC)
\KV@toks@=\toks14
)
("C:\Program Files\MiKTeX 2.9\tex\latex\graphics\graphics.sty"
Package: graphics 2009/02/05 v1.0o Standard LaTeX Graphics (DPC,SPQR)

("C:\Program Files\MiKTeX 2.9\tex\latex\graphics\trig.sty"
Package: trig 1999/03/16 v1.09 sin cos tan (DPC)
)
("C:\Program Files\MiKTeX 2.9\tex\latex\00miktex\graphics.cfg"
File: graphics.cfg 2007/01/18 v1.5 graphics configuration of teTeX/TeXLive
)
Package graphics Info: Driver file: pdftex.def on input line 91.

("C:\Program Files\MiKTeX 2.9\tex\latex\pdftex-def\pdftex.def"
File: pdftex.def 2011/05/27 v0.06d Graphics/color for pdfTeX

("C:\Program Files\MiKTeX 2.9\tex\generic\oberdiek\infwarerr.sty"
Package: infwarerr 2010/04/08 v1.3 Providing info/warning/error messages (HO)
)
("C:\Program Files\MiKTeX 2.9\tex\generic\oberdiek\ltxcmds.sty"
Package: ltxcmds 2011/11/09 v1.22 LaTeX kernel commands for general use (HO)
)
\Gread@gobject=\count88
))
\Gin@req@height=\dimen104
\Gin@req@width=\dimen105
)
\epsfxsize=\dimen106
\epsfysize=\dimen107
)
("C:\Program Files\MiKTeX 2.9\tex\latex\tools\verbatim.sty"
Package: verbatim 2003/08/22 v1.5q LaTeX2e package for verbatim enhancements
\every@verbatim=\toks15
\verbatim@line=\toks16
\verbatim@in@stream=\read1
)
("C:\Program Files\MiKTeX 2.9\tex\latex\moreverb\moreverb.sty"
Package: moreverb 2008/06/03 v2.3a `more' verbatim facilities
\tab@position=\count89
\tab@size=\count90
\listing@line=\count91
)
(C:\Users\Dell\NSS\prac3\Verslag\verslag.aux)
LaTeX Font Info:    Checking defaults for OML/cmm/m/it on input line 12.
LaTeX Font Info:    ... okay on input line 12.
LaTeX Font Info:    Checking defaults for T1/cmr/m/n on input line 12.
LaTeX Font Info:    ... okay on input line 12.
LaTeX Font Info:    Checking defaults for OT1/cmr/m/n on input line 12.
LaTeX Font Info:    ... okay on input line 12.
LaTeX Font Info:    Checking defaults for OMS/cmsy/m/n on input line 12.
LaTeX Font Info:    ... okay on input line 12.
LaTeX Font Info:    Checking defaults for OMX/cmex/m/n on input line 12.
LaTeX Font Info:    ... okay on input line 12.
LaTeX Font Info:    Checking defaults for U/cmr/m/n on input line 12.
LaTeX Font Info:    ... okay on input line 12.

("C:\Program Files\MiKTeX 2.9\tex\context\base\supp-pdf.mkii"
[Loading MPS to PDF converter (version 2006.09.02).]
\scratchcounter=\count92
\scratchdimen=\dimen108
\scratchbox=\box26
\nofMPsegments=\count93
\nofMParguments=\count94
\everyMPshowfont=\toks17
\MPscratchCnt=\count95
\MPscratchDim=\dimen109
\MPnumerator=\count96
\makeMPintoPDFobject=\count97
\everyMPtoPDFconversion=\toks18
)
LaTeX Font Info:    External font `cmex10' loaded for size
(Font)              <12> on input line 13.
LaTeX Font Info:    External font `cmex10' loaded for size
(Font)              <8> on input line 13.
LaTeX Font Info:    External font `cmex10' loaded for size
(Font)              <6> on input line 13.
 [1

{C:/ProgramData/MiKTeX/2.9/pdftex/config/pdftex.map}]
(C:\Users\Dell\NSS\prac3\Verslag\verslag.toc
LaTeX Font Info:    External font `cmex10' loaded for size
(Font)              <7> on input line 6.
LaTeX Font Info:    External font `cmex10' loaded for size
(Font)              <5> on input line 6.
)
\tf@toc=\write3
 [2] [3

]
LaTeX Font Info:    Try loading font information for OMS+cmr on input line 23.

("C:\Program Files\MiKTeX 2.9\tex\latex\base\omscmr.fd"
File: omscmr.fd 1999/05/25 v2.5h Standard LaTeX font definitions
)
LaTeX Font Info:    Font shape `OMS/cmr/m/n' in size <10> not available
(Font)              Font shape `OMS/cmsy/m/n' tried instead on input line 23.
 [4]
Missing character: There is no â in font cmr10!
Missing character: There is no € in font cmr10!
Missing character: There is no “ in font cmr10!

Underfull \hbox (badness 10000) in paragraph at lines 51--54

 []

[5] <Firefly.png, id=24, 748.59676pt x 129.48375pt>
File: Firefly.png Graphic file (type png)
 <use Firefly.png>
Package pdftex.def Info: Firefly.png used on input line 73.
(pdftex.def)             Requested size: 374.29745pt x 64.7417pt.

Overfull \hbox (29.29745pt too wide) in paragraph at lines 73--74
 [][] 
 []

<Onze_implementatie.png, id=25, 626.34pt x 167.4255pt>
File: Onze_implementatie.png Graphic file (type png)

<use Onze_implementatie.png>
Package pdftex.def Info: Onze_implementatie.png used on input line 78.
(pdftex.def)             Requested size: 313.16922pt x 83.71254pt.
 [6 <C:/Users/Dell/NSS/prac3/Verslag/Firefly.png> <C:/Users/Dell/NSS/prac3/Vers
lag/Onze_implementatie.png>] [7]
<testopstelling.png, id=33, 263.18324pt x 242.70676pt>
File: testopstelling.png Graphic file (type png)

<use testopstelling.png>
Package pdftex.def Info: testopstelling.png used on input line 90.
(pdftex.def)             Requested size: 131.5913pt x 121.35307pt.
 [8 <C:/Users/Dell/NSS/prac3/Verslag/testopstelling.png>]
Overfull \hbox (48.74657pt too wide) in paragraph at lines 134--134
[]\OT1/cmtt/m/n/10 listenFor(deltT)       //deltaT = Tijd tussen luisteren en u
itlezen bericht[] 
 []

[9] [10] <Nodes_tijdens_testen.jpg, id=46, 2457.18pt x 3276.24pt>
File: Nodes_tijdens_testen.jpg Graphic file (type jpg)

<use Nodes_tijdens_testen.jpg>
Package pdftex.def Info: Nodes_tijdens_testen.jpg used on input line 153.
(pdftex.def)             Requested size: 221.13666pt x 294.84888pt.

Overfull \hbox (24.11179pt too wide) in paragraph at lines 162--171
 [][] 
 []

[11 <C:/Users/Dell/NSS/prac3/Verslag/Nodes_tijdens_testen.jpg>] [12]
Overfull \hbox (5.15932pt too wide) in paragraph at lines 184--194
 [][] 
 []

[13] [14]
File: ./code/node.ino  (verbatim)

Overfull \hbox (11.99689pt too wide) in paragraph at lines 209--209
[]  \OT1/cmtt/m/n/10 int sendMax = 5;  //amount of messages sent before synchro
nisation[] 
 []

[15]
Overfull \hbox (59.24648pt too wide) in paragraph at lines 209--209
[]  \OT1/cmtt/m/n/10 processContent(received.identity, received.high_identity, 
received.number);[] 
 []


Overfull \hbox (410.99341pt too wide) in paragraph at lines 209--209
[]   \OT1/cmtt/m/n/10 if((high >  highestID && !(prevMessageID == messNumber &&
 prevHighestID == high))   //if we receive a higher ID than our highest yet rec
eived[] 
 []


Overfull \hbox (337.49405pt too wide) in paragraph at lines 209--209
[]   \OT1/cmtt/m/n/10 || (high == highestID && sender == high)                /
/or if we receive previously received highest from highest node itself[] 
 []

[16]
Overfull \hbox (48.74657pt too wide) in paragraph at lines 209--209
[]   \OT1/cmtt/m/n/10 ){                                                      /
/update highest[] 
 []


Overfull \hbox (494.99268pt too wide) in paragraph at lines 209--209
[]     \OT1/cmtt/m/n/10 deltaT   = millis()-timestamp;                        /
/Tijd die nodig is van luisteren naar het verwerken van het bericht wanneer een
 bericht is ontvangen[] 
 []


Overfull \hbox (48.74657pt too wide) in paragraph at lines 209--209
[]    \OT1/cmtt/m/n/10 digitalWrite(led, LOW);  // turn the LED off (LOW is the
 voltage level)[] 
 []

[17]
Overfull \hbox (43.49661pt too wide) in paragraph at lines 209--209
[]    \OT1/cmtt/m/n/10 digitalWrite(led, HIGH); // turn the LED on by making th
e voltage HIGH[] 
 []

[18]
Underfull \hbox (badness 1270) in paragraph at lines 227--228
\OT1/cmr/m/n/10 heeft con-tact met een an-dere
 []

[19] [20] (C:\Users\Dell\NSS\prac3\Verslag\verslag.aux) ) 
Here is how much of TeX's memory you used:
 1641 strings out of 493921
 21751 string characters out of 3147285
 78300 words of memory out of 3000000
 4938 multiletter control sequences out of 15000+200000
 8409 words of font info for 30 fonts, out of 3000000 for 9000
 841 hyphenation exceptions out of 8191
 34i,10n,24p,682b,262s stack positions out of 5000i,500n,10000p,200000b,50000s
<C:/Program Files/MiKT
eX 2.9/fonts/type1/public/amsfonts/cm/cmbx10.pfb><C:/Program Files/MiKTeX 2.9/f
onts/type1/public/amsfonts/cm/cmbx12.pfb><C:/Program Files/MiKTeX 2.9/fonts/typ
e1/public/amsfonts/cm/cmr10.pfb><C:/Program Files/MiKTeX 2.9/fonts/type1/public
/amsfonts/cm/cmr12.pfb><C:/Program Files/MiKTeX 2.9/fonts/type1/public/amsfonts
/cm/cmr17.pfb><C:/Program Files/MiKTeX 2.9/fonts/type1/public/amsfonts/cm/cmsy1
0.pfb><C:/Program Files/MiKTeX 2.9/fonts/type1/public/amsfonts/cm/cmti10.pfb><C
:/Program Files/MiKTeX 2.9/fonts/type1/public/amsfonts/cm/cmtt10.pfb>
Output written on verslag.pdf (20 pages, 2420636 bytes).
PDF statistics:
 105 PDF objects out of 1000 (max. 8388607)
 0 named destinations out of 1000 (max. 500000)
 21 words of extra memory for PDF output out of 10000 (max. 10000000)

